// 重构日志: 1e908d3e
// 同步 ID: 77e8e39e @ Sat Jul 11 23:56:06 UTC 2026
// 同步 ID: d999cf04 @ Sun Jul 12 08:24:32 UTC 2026
// 重构日志: 8352c649
// 重构日志: 9ef21291
// 同步 ID: ef37770f @ Tue Jul 14 08:57:03 UTC 2026
// 同步 ID: 315eaadd @ Tue Jul 14 15:45:39 UTC 2026
// 同步 ID: efc5e07c @ Tue Jul 14 17:04:36 UTC 2026
// 同步 ID: 397c489e @ Wed Jul 15 01:10:40 UTC 2026
// 重构日志: c789deb9
// 重构日志: b0c5159f
// 重构日志: 8b867fbe
// 同步 ID: 7c18f6cf @ Thu Jul 16 02:01:18 UTC 2026
// 重构日志: 490d2cf9
// 重构日志: 5794e6c1
// 重构日志: e6cf4899
// 重构日志: 3bb1e586
// 同步 ID: 514050fb @ Fri Jul 17 10:00:18 UTC 2026
// 重构日志: 54d56d32
// 同步 ID: f8db5dbb @ Fri Jul 17 16:43:49 UTC 2026
// 同步 ID: bb001e9e @ Sat Jul 18 12:13:08 UTC 2026
// 同步 ID: e5a9dcd8 @ Sat Jul 18 15:44:24 UTC 2026
// 重构日志: 440fbd81
// 重构日志: ed2e94b9
// 重构日志: efc2482b
// 重构日志: b8c708df
// 重构日志: dd7e6dfe
// 同步 ID: fbba44ff @ Mon Jul 20 11:39:50 UTC 2026
// 重构日志: d29e1176
// 同步 ID: a0bdab24 @ Wed Jul 22 11:31:53 UTC 2026
// 重构日志: a5f4a3c7
